[2020-12-12 17:32:04.616] [renderer1] [error] Error: Unable to read file '/home/eric/Documents/ionic/pacientes_PRO/src/app/services/shared/authentication.service.ts' (Error: Unable to resolve non-existing file '/home/eric/Documents/ionic/pacientes_PRO/src/app/services/shared/authentication.service.ts')
    at Object.t.createErrorWithActions (file:///usr/share/vscodium-bin/resources/app/out/vs/workbench/workbench.desktop.main.js:56:307)
    at w.handleSetInputError (file:///usr/share/vscodium-bin/resources/app/out/vs/workbench/workbench.desktop.main.js:6258:391)
    at w.handleSetInputError (file:///usr/share/vscodium-bin/resources/app/out/vs/workbench/workbench.desktop.main.js:6261:52)
    at w.setInput (file:///usr/share/vscodium-bin/resources/app/out/vs/workbench/workbench.desktop.main.js:6258:98)
    at async p.doSetInput (file:///usr/share/vscodium-bin/resources/app/out/vs/workbench/workbench.desktop.main.js:4627:4)
    at async p.openEditor (file:///usr/share/vscodium-bin/resources/app/out/vs/workbench/workbench.desktop.main.js:4625:617)
    at async file:///usr/share/vscodium-bin/resources/app/out/vs/workbench/workbench.desktop.main.js:6886:617
    at async e.restoreEditors (file:///usr/share/vscodium-bin/resources/app/out/vs/workbench/workbench.desktop.main.js:6879:609)
[2020-12-12 17:32:06.057] [renderer1] [error] ENOENT: no such file or directory, open '/home/eric/.config/VSCodium/User/globalStorage/vscodevim.vim/.registers': Error: ENOENT: no such file or directory, open '/home/eric/.config/VSCodium/User/globalStorage/vscodevim.vim/.registers'
[2020-12-12 17:32:11.785] [renderer1] [error] ENOENT: no such file or directory, open '/home/eric/.config/VSCodium/User/globalStorage/vscodevim.vim/.registers': Error: ENOENT: no such file or directory, open '/home/eric/.config/VSCodium/User/globalStorage/vscodevim.vim/.registers'
[2020-12-12 19:18:26.013] [renderer1] [error] <semantic> TypeScript Server Error (4.0.3)
Debug Failure. False expression: Some exportInfo should match the specified moduleSymbol
Error: Debug Failure. False expression: Some exportInfo should match the specified moduleSymbol
    at getImportFixForSymbol (/usr/share/vscodium-bin/resources/app/extensions/node_modules/typescript/lib/tsserver.js:132987:22)
    at Object.addImportFromExportedSymbol (/usr/share/vscodium-bin/resources/app/extensions/node_modules/typescript/lib/tsserver.js:132877:27)
    at /usr/share/vscodium-bin/resources/app/extensions/node_modules/typescript/lib/tsserver.js:135853:91
    at Object.forEach (/usr/share/vscodium-bin/resources/app/extensions/node_modules/typescript/lib/tsserver.js:188:30)
    at tryReplaceImportTypeNodeWithAutoImport (/usr/share/vscodium-bin/resources/app/extensions/node_modules/typescript/lib/tsserver.js:135853:20)
    at annotate (/usr/share/vscodium-bin/resources/app/extensions/node_modules/typescript/lib/tsserver.js:135845:27)
    at annotateParameters (/usr/share/vscodium-bin/resources/app/extensions/node_modules/typescript/lib/tsserver.js:135789:25)
    at doChange (/usr/share/vscodium-bin/resources/app/extensions/node_modules/typescript/lib/tsserver.js:135736:25)
    at /usr/share/vscodium-bin/resources/app/extensions/node_modules/typescript/lib/tsserver.js:135631:109
    at Function.ChangeTracker.with (/usr/share/vscodium-bin/resources/app/extensions/node_modules/typescript/lib/tsserver.js:129425:17)
    at Object.getCodeActions (/usr/share/vscodium-bin/resources/app/extensions/node_modules/typescript/lib/tsserver.js:135631:64)
    at /usr/share/vscodium-bin/resources/app/extensions/node_modules/typescript/lib/tsserver.js:130599:77
    at Object.flatMap (/usr/share/vscodium-bin/resources/app/extensions/node_modules/typescript/lib/tsserver.js:513:25)
    at Object.getFixes (/usr/share/vscodium-bin/resources/app/extensions/node_modules/typescript/lib/tsserver.js:130599:23)
    at /usr/share/vscodium-bin/resources/app/extensions/node_modules/typescript/lib/tsserver.js:143796:35
    at Object.flatMap (/usr/share/vscodium-bin/resources/app/extensions/node_modules/typescript/lib/tsserver.js:513:25)
    at Proxy.getCodeFixesAtPosition (/usr/share/vscodium-bin/resources/app/extensions/node_modules/typescript/lib/tsserver.js:143794:23)
    at IOSession.Session.getCodeFixes (/usr/share/vscodium-bin/resources/app/extensions/node_modules/typescript/lib/tsserver.js:154662:64)
    at Session.handlers.ts.Map.ts.getEntries._a.<computed> (/usr/share/vscodium-bin/resources/app/extensions/node_modules/typescript/lib/tsserver.js:153339:61)
    at /usr/share/vscodium-bin/resources/app/extensions/node_modules/typescript/lib/tsserver.js:154962:88
    at IOSession.Session.executeWithRequestId (/usr/share/vscodium-bin/resources/app/extensions/node_modules/typescript/lib/tsserver.js:154953:28)
    at IOSession.Session.executeCommand (/usr/share/vscodium-bin/resources/app/extensions/node_modules/typescript/lib/tsserver.js:154962:33)
    at IOSession.Session.onMessage (/usr/share/vscodium-bin/resources/app/extensions/node_modules/typescript/lib/tsserver.js:154986:35)
    at Interface.<anonymous> (/usr/share/vscodium-bin/resources/app/extensions/node_modules/typescript/lib/tsserver.js:157202:27)
    at Interface.emit (events.js:223:5)
    at Interface._onLine (readline.js:315:10)
    at Interface._normalWrite (readline.js:460:12)
    at Socket.ondata (readline.js:172:10)
    at Socket.emit (events.js:223:5)
    at addChunk (_stream_readable.js:309:12)
    at readableAddChunk (_stream_readable.js:290:11)
    at Socket.Readable.push (_stream_readable.js:224:10)
    at Pipe.onStreamRead (internal/stream_base_commons.js:181:23): Error: <semantic> TypeScript Server Error (4.0.3)
Debug Failure. False expression: Some exportInfo should match the specified moduleSymbol
Error: Debug Failure. False expression: Some exportInfo should match the specified moduleSymbol
    at getImportFixForSymbol (/usr/share/vscodium-bin/resources/app/extensions/node_modules/typescript/lib/tsserver.js:132987:22)
    at Object.addImportFromExportedSymbol (/usr/share/vscodium-bin/resources/app/extensions/node_modules/typescript/lib/tsserver.js:132877:27)
    at /usr/share/vscodium-bin/resources/app/extensions/node_modules/typescript/lib/tsserver.js:135853:91
    at Object.forEach (/usr/share/vscodium-bin/resources/app/extensions/node_modules/typescript/lib/tsserver.js:188:30)
    at tryReplaceImportTypeNodeWithAutoImport (/usr/share/vscodium-bin/resources/app/extensions/node_modules/typescript/lib/tsserver.js:135853:20)
    at annotate (/usr/share/vscodium-bin/resources/app/extensions/node_modules/typescript/lib/tsserver.js:135845:27)
    at annotateParameters (/usr/share/vscodium-bin/resources/app/extensions/node_modules/typescript/lib/tsserver.js:135789:25)
    at doChange (/usr/share/vscodium-bin/resources/app/extensions/node_modules/typescript/lib/tsserver.js:135736:25)
    at /usr/share/vscodium-bin/resources/app/extensions/node_modules/typescript/lib/tsserver.js:135631:109
    at Function.ChangeTracker.with (/usr/share/vscodium-bin/resources/app/extensions/node_modules/typescript/lib/tsserver.js:129425:17)
    at Object.getCodeActions (/usr/share/vscodium-bin/resources/app/extensions/node_modules/typescript/lib/tsserver.js:135631:64)
    at /usr/share/vscodium-bin/resources/app/extensions/node_modules/typescript/lib/tsserver.js:130599:77
    at Object.flatMap (/usr/share/vscodium-bin/resources/app/extensions/node_modules/typescript/lib/tsserver.js:513:25)
    at Object.getFixes (/usr/share/vscodium-bin/resources/app/extensions/node_modules/typescript/lib/tsserver.js:130599:23)
    at /usr/share/vscodium-bin/resources/app/extensions/node_modules/typescript/lib/tsserver.js:143796:35
    at Object.flatMap (/usr/share/vscodium-bin/resources/app/extensions/node_modules/typescript/lib/tsserver.js:513:25)
    at Proxy.getCodeFixesAtPosition (/usr/share/vscodium-bin/resources/app/extensions/node_modules/typescript/lib/tsserver.js:143794:23)
    at IOSession.Session.getCodeFixes (/usr/share/vscodium-bin/resources/app/extensions/node_modules/typescript/lib/tsserver.js:154662:64)
    at Session.handlers.ts.Map.ts.getEntries._a.<computed> (/usr/share/vscodium-bin/resources/app/extensions/node_modules/typescript/lib/tsserver.js:153339:61)
    at /usr/share/vscodium-bin/resources/app/extensions/node_modules/typescript/lib/tsserver.js:154962:88
    at IOSession.Session.executeWithRequestId (/usr/share/vscodium-bin/resources/app/extensions/node_modules/typescript/lib/tsserver.js:154953:28)
    at IOSession.Session.executeCommand (/usr/share/vscodium-bin/resources/app/extensions/node_modules/typescript/lib/tsserver.js:154962:33)
    at IOSession.Session.onMessage (/usr/share/vscodium-bin/resources/app/extensions/node_modules/typescript/lib/tsserver.js:154986:35)
    at Interface.<anonymous> (/usr/share/vscodium-bin/resources/app/extensions/node_modules/typescript/lib/tsserver.js:157202:27)
    at Interface.emit (events.js:223:5)
    at Interface._onLine (readline.js:315:10)
    at Interface._normalWrite (readline.js:460:12)
    at Socket.ondata (readline.js:172:10)
    at Socket.emit (events.js:223:5)
    at addChunk (_stream_readable.js:309:12)
    at readableAddChunk (_stream_readable.js:290:11)
    at Socket.Readable.push (_stream_readable.js:224:10)
    at Pipe.onStreamRead (internal/stream_base_commons.js:181:23)
	at Function.create (/usr/share/vscodium-bin/resources/app/extensions/typescript-language-features/dist/extension.js:1:76476)
	at dispatchResponse (/usr/share/vscodium-bin/resources/app/extensions/typescript-language-features/dist/extension.js:1:70351)
	at dispatchMessage (/usr/share/vscodium-bin/resources/app/extensions/typescript-language-features/dist/extension.js:1:69210)
	at /usr/share/vscodium-bin/resources/app/extensions/typescript-language-features/dist/extension.js:1:68720
	at l.fire (/usr/share/vscodium-bin/resources/app/out/vs/workbench/services/extensions/node/extensionHostProcess.js:46:67)
	at g.onLengthData (/usr/share/vscodium-bin/resources/app/extensions/typescript-language-features/dist/extension.js:45:59997)
	at Socket.<anonymous> (/usr/share/vscodium-bin/resources/app/extensions/typescript-language-features/dist/extension.js:45:59645)
	at Socket.emit (events.js:223:5)
	at addChunk (_stream_readable.js:309:12)
	at readableAddChunk (_stream_readable.js:290:11)
	at Socket.Readable.push (_stream_readable.js:224:10)
	at Pipe.onStreamRead (internal/stream_base_commons.js:181:23)
