Looking for git in: git
Using git 2.29.2 from git
> git rev-parse --git-dir
Open repository: /home/eric/Documents/ionic/ionic-firebase-authentication
> git status -z -u
> git symbolic-ref --short HEAD
> git rev-parse master
> git rev-parse --symbolic-full-name master@{u}
> git rev-list --left-right master...refs/remotes/origin/master
> git for-each-ref --sort -committerdate --format %(refname) %(objectname)
> git remote --verbose
Warning: Failed to watch ref '/home/eric/Documents/ionic/ionic-firebase-authentication/.git/refs/remotes/origin/master', is most likely packed.
> git config --get commit.template
> git check-ignore -v -z --stdin
> git check-ignore -v -z --stdin
> git check-ignore -v -z --stdin
> git check-ignore -v -z --stdin
> git check-ignore -v -z --stdin
> git show --textconv :src/app/home/home.module.ts
> git ls-files --stage -- /home/eric/Documents/ionic/ionic-firebase-authentication/src/app/home/home.module.ts
> git cat-file -s 3ccd41c8e162de605e6e8a9773ea5546d8efe7ff
> git show --textconv :src/app/home/home.page.html
> git ls-files --stage -- /home/eric/Documents/ionic/ionic-firebase-authentication/src/app/home/home.page.html
> git cat-file -s df27b85e4bb6d0ddf7951a149afeb22518da2735
> git check-ignore -v -z --stdin
> git show --textconv :src/app/login/login.page.html
> git ls-files --stage -- /home/eric/Documents/ionic/ionic-firebase-authentication/src/app/login/login.page.html
> git cat-file -s 69b900716f256c37e0faa3020e286be3553020b0
> git check-ignore -v -z --stdin
> git show --textconv :src/app/registration/registration.page.html
> git ls-files --stage -- /home/eric/Documents/ionic/ionic-firebase-authentication/src/app/registration/registration.page.html
> git cat-file -s a4d136cc3d46958151ac463e3ade9a67423a8cc3
> git check-ignore -v -z --stdin
> git show --textconv :src/app/verify-email/verify-email.page.html
> git ls-files --stage -- /home/eric/Documents/ionic/ionic-firebase-authentication/src/app/verify-email/verify-email.page.html
> git cat-file -s 901035833057ca3931044bd1ec61650cfca77e52
> git show --textconv :src/app/app.module.ts
> git ls-files --stage -- /home/eric/Documents/ionic/ionic-firebase-authentication/src/app/app.module.ts
> git cat-file -s 8649bdf1f44f1ba120dbc067681ffa36e3fc8374
> git show --textconv :src/app/shared/authentication-service.ts
> git ls-files --stage -- /home/eric/Documents/ionic/ionic-firebase-authentication/src/app/shared/authentication-service.ts
> git cat-file -s ce490009de5098948082c8cfa123ba5aefa2a511
> git status -z -u
> git symbolic-ref --short HEAD
> git rev-parse master
> git rev-parse --symbolic-full-name master@{u}
> git rev-list --left-right master...refs/remotes/origin/master
> git for-each-ref --sort -committerdate --format %(refname) %(objectname)
> git remote --verbose
Warning: Failed to watch ref '/home/eric/Documents/ionic/ionic-firebase-authentication/.git/refs/remotes/origin/master', is most likely packed.
> git config --get commit.template
> git show --textconv :src/app/app.module.ts
> git ls-files --stage -- /home/eric/Documents/ionic/ionic-firebase-authentication/src/app/app.module.ts
> git cat-file -s 8649bdf1f44f1ba120dbc067681ffa36e3fc8374
> git show --textconv :src/app/app.component.ts
> git ls-files --stage -- /home/eric/Documents/ionic/ionic-firebase-authentication/src/app/app.component.ts
> git cat-file -s 65b00abc92b1000c63f1ac6b7f825e53811735d6
> git show --textconv :src/app/shared/authentication-service.ts
> git ls-files --stage -- /home/eric/Documents/ionic/ionic-firebase-authentication/src/app/shared/authentication-service.ts
> git cat-file -s ce490009de5098948082c8cfa123ba5aefa2a511
> git show --textconv :src/app/app.module.ts
> git ls-files --stage -- /home/eric/Documents/ionic/ionic-firebase-authentication/src/app/app.module.ts
> git cat-file -s 8649bdf1f44f1ba120dbc067681ffa36e3fc8374
> git show --textconv :src/app/registration/registration.page.ts
> git ls-files --stage -- /home/eric/Documents/ionic/ionic-firebase-authentication/src/app/registration/registration.page.ts
> git cat-file -s 7148b8b7d5cc00c3b1b5dff1637f5e6e7e93d27c
> git show --textconv :src/app/login/login.page.ts
> git ls-files --stage -- /home/eric/Documents/ionic/ionic-firebase-authentication/src/app/login/login.page.ts
> git cat-file -s 6e9ec41bd2d4c77dbd8e1605fb08c3d19b8523de
> git show --textconv :src/app/shared/authentication-service.ts
> git ls-files --stage -- /home/eric/Documents/ionic/ionic-firebase-authentication/src/app/shared/authentication-service.ts
> git cat-file -s ce490009de5098948082c8cfa123ba5aefa2a511
> git show --textconv :src/app/app.module.ts
> git ls-files --stage -- /home/eric/Documents/ionic/ionic-firebase-authentication/src/app/app.module.ts
> git cat-file -s 8649bdf1f44f1ba120dbc067681ffa36e3fc8374
> git show --textconv :src/main.ts
> git ls-files --stage -- /home/eric/Documents/ionic/ionic-firebase-authentication/src/main.ts
> git cat-file -s 91ec6da5f07886cf1d97b5d4212f4ddaa3eb2c9c
> git show --textconv :src/app/app.component.ts
> git ls-files --stage -- /home/eric/Documents/ionic/ionic-firebase-authentication/src/app/app.component.ts
> git cat-file -s 65b00abc92b1000c63f1ac6b7f825e53811735d6
> git show --textconv :src/app/app.module.ts
> git ls-files --stage -- /home/eric/Documents/ionic/ionic-firebase-authentication/src/app/app.module.ts
> git cat-file -s 8649bdf1f44f1ba120dbc067681ffa36e3fc8374
> git show --textconv :src/app/app.component.ts
> git ls-files --stage -- /home/eric/Documents/ionic/ionic-firebase-authentication/src/app/app.component.ts
> git cat-file -s 65b00abc92b1000c63f1ac6b7f825e53811735d6
> git show --textconv :src/app/app.component.html
> git ls-files --stage -- /home/eric/Documents/ionic/ionic-firebase-authentication/src/app/app.component.html
> git cat-file -s 13b96776ee19c8a2cd37e44acecffa7c78235dff
> git show --textconv :src/app/app-routing.module.ts
> git ls-files --stage -- /home/eric/Documents/ionic/ionic-firebase-authentication/src/app/app-routing.module.ts
> git cat-file -s 3600d9a5afabf143ec3db20f5e0cc16a6a20bf35
> git show --textconv :src/app/app.module.ts
> git ls-files --stage -- /home/eric/Documents/ionic/ionic-firebase-authentication/src/app/app.module.ts
> git cat-file -s 8649bdf1f44f1ba120dbc067681ffa36e3fc8374
> git show --textconv :src/app/shared/user.ts
> git ls-files --stage -- /home/eric/Documents/ionic/ionic-firebase-authentication/src/app/shared/user.ts
> git cat-file -s 3e8b402427ef91269ed98b6b74e42486908b6c0d
> git show --textconv :src/app/verify-email/verify-email.page.ts
> git ls-files --stage -- /home/eric/Documents/ionic/ionic-firebase-authentication/src/app/verify-email/verify-email.page.ts
> git cat-file -s c1f809b46738529fe5589ce1cdbde0bed660e6ec
> git show --textconv :src/app/verify-email/verify-email.module.ts
> git ls-files --stage -- /home/eric/Documents/ionic/ionic-firebase-authentication/src/app/verify-email/verify-email.module.ts
> git cat-file -s 01243a0d5b22cfbf34e89a6c9f0300ddde6cdcb0
> git show --textconv :src/app/verify-email/verify-email.page.html
> git ls-files --stage -- /home/eric/Documents/ionic/ionic-firebase-authentication/src/app/verify-email/verify-email.page.html
> git cat-file -s 901035833057ca3931044bd1ec61650cfca77e52
> git check-ignore -v -z --stdin
> git show --textconv :src/app/app-routing.module.ts
> git ls-files --stage -- /home/eric/Documents/ionic/ionic-firebase-authentication/src/app/app-routing.module.ts
> git cat-file -s 3600d9a5afabf143ec3db20f5e0cc16a6a20bf35
> git show --textconv :src/app/app.component.scss
> git ls-files --stage -- /home/eric/Documents/ionic/ionic-firebase-authentication/src/app/app.component.scss
> git cat-file -s e69de29bb2d1d6434b8b29ae775ad8c2e48c5391
> git show --textconv :src/app/app.component.html
> git ls-files --stage -- /home/eric/Documents/ionic/ionic-firebase-authentication/src/app/app.component.html
> git cat-file -s 13b96776ee19c8a2cd37e44acecffa7c78235dff
> git show --textconv :src/app/app.component.scss
> git ls-files --stage -- /home/eric/Documents/ionic/ionic-firebase-authentication/src/app/app.component.scss
> git cat-file -s e69de29bb2d1d6434b8b29ae775ad8c2e48c5391
> git show --textconv :src/app/app.component.spec.ts
> git ls-files --stage -- /home/eric/Documents/ionic/ionic-firebase-authentication/src/app/app.component.spec.ts
> git cat-file -s 2bd6389af267f23c044487507ef88904849a1e7f
> git show --textconv :src/app/app.module.ts
> git ls-files --stage -- /home/eric/Documents/ionic/ionic-firebase-authentication/src/app/app.module.ts
> git cat-file -s 8649bdf1f44f1ba120dbc067681ffa36e3fc8374
> git show --textconv :src/app/shared/authentication-service.ts
> git ls-files --stage -- /home/eric/Documents/ionic/ionic-firebase-authentication/src/app/shared/authentication-service.ts
> git cat-file -s ce490009de5098948082c8cfa123ba5aefa2a511
> git show --textconv :src/app/app.module.ts
> git ls-files --stage -- /home/eric/Documents/ionic/ionic-firebase-authentication/src/app/app.module.ts
> git cat-file -s 8649bdf1f44f1ba120dbc067681ffa36e3fc8374
> git show --textconv :src/app/shared/authentication-service.ts
> git ls-files --stage -- /home/eric/Documents/ionic/ionic-firebase-authentication/src/app/shared/authentication-service.ts
> git cat-file -s ce490009de5098948082c8cfa123ba5aefa2a511
> git show --textconv :src/app/app.module.ts
> git ls-files --stage -- /home/eric/Documents/ionic/ionic-firebase-authentication/src/app/app.module.ts
> git cat-file -s 8649bdf1f44f1ba120dbc067681ffa36e3fc8374
> git show --textconv :src/app/shared/authentication-service.ts
> git ls-files --stage -- /home/eric/Documents/ionic/ionic-firebase-authentication/src/app/shared/authentication-service.ts
> git cat-file -s ce490009de5098948082c8cfa123ba5aefa2a511
> git show --textconv :node_modules/firebase/index.d.ts
> git ls-files --stage -- /home/eric/Documents/ionic/ionic-firebase-authentication/node_modules/firebase/index.d.ts
> git check-ignore -v -z --stdin
> git show --textconv :src/app/shared/authentication-service.ts
> git ls-files --stage -- /home/eric/Documents/ionic/ionic-firebase-authentication/src/app/shared/authentication-service.ts
> git cat-file -s ce490009de5098948082c8cfa123ba5aefa2a511
> git show --textconv :src/app/app.module.ts
> git ls-files --stage -- /home/eric/Documents/ionic/ionic-firebase-authentication/src/app/app.module.ts
> git cat-file -s 8649bdf1f44f1ba120dbc067681ffa36e3fc8374
> git show --textconv :src/app/shared/authentication-service.ts
> git ls-files --stage -- /home/eric/Documents/ionic/ionic-firebase-authentication/src/app/shared/authentication-service.ts
> git cat-file -s ce490009de5098948082c8cfa123ba5aefa2a511
