["INFO" - 5:32:10 PM] Extension Name: esbenp.prettier-vscode.
["INFO" - 5:32:10 PM] Extension Version: 5.8.0.
["INFO" - 5:32:10 PM] Enabling prettier for languages: ansible, css, graphql, home-assistant, html, javascript, javascriptreact, json, json5, jsonc, less, markdown, mdx, mongo, postcss, scss, typescript, typescriptreact, vue, yaml
["INFO" - 5:32:10 PM] Enabling prettier for file extensions: .JSON-tmLanguage, ._js, .avsc, .bones, .cjs, .component.html, .css, .es, .es6, .frag, .geojson, .gltf, .gql, .graphql, .graphqls, .gs, .har, .htm, .html, .html.hl, .ice, .inc, .jake, .js, .js.flow, .jsb, .jscad, .jsfl, .jsm, .json, .json5, .jsonc, .jss, .jsx, .less, .markdown, .mcmeta, .md, .mdown, .mdwn, .mdx, .mir, .mjml, .mjs, .mkd, .mkdn, .mkdown, .njs, .pac, .pcss, .postcss, .reek, .ronn, .rviz, .scss, .sjs, .ssjs, .st, .sublime-build, .sublime-commands, .sublime-completions, .sublime-keymap, .sublime-macro, .sublime-menu, .sublime-mousemap, .sublime-project, .sublime-settings, .sublime-syntax, .sublime-theme, .sublime-workspace, .sublime_metrics, .sublime_session, .syntax, .tfstate, .tfstate.backup, .topojson, .ts, .tsx, .vue, .webapp, .webmanifest, .workbook, .wxs, .wxss, .xht, .xhtml, .xsjs, .xsjslib, .yaml, .yaml-tmlanguage, .yaml.sed, .yml, .yml.mysql, .yy, .yyp
["INFO" - 5:32:10 PM] Enabling prettier for range supported languages: graphql, javascript, javascriptreact, json, typescript, typescriptreact
["INFO" - 5:33:51 PM] Formatting /home/eric/Documents/ionic/ionic-firebase-authentication/src/app/shared/authentication-service.ts
["INFO" - 5:33:51 PM] Using ignore file (if present) at /home/eric/Documents/ionic/ionic-firebase-authentication/.prettierignore
["INFO" - 5:33:51 PM] Using bundled version of prettier.
["INFO" - 5:33:51 PM] File Info:
{
  "ignored": false,
  "inferredParser": "typescript"
}
["INFO" - 5:33:51 PM] No local configuration (i.e. .prettierrc or .editorconfig) detected, falling back to VS Code configuration
["INFO" - 5:33:51 PM] Prettier Options:
{
  "arrowParens": "always",
  "bracketSpacing": true,
  "endOfLine": "lf",
  "htmlWhitespaceSensitivity": "css",
  "insertPragma": false,
  "jsxBracketSameLine": false,
  "jsxSingleQuote": false,
  "printWidth": 80,
  "proseWrap": "preserve",
  "quoteProps": "as-needed",
  "requirePragma": false,
  "semi": true,
  "singleQuote": true,
  "tabWidth": 4,
  "trailingComma": "es5",
  "useTabs": true,
  "vueIndentScriptAndStyle": false,
  "filepath": "/home/eric/Documents/ionic/ionic-firebase-authentication/src/app/shared/authentication-service.ts",
  "parser": "typescript"
}
["INFO" - 5:33:51 PM] Formatting completed in 199.474255ms.
["INFO" - 7:11:19 PM] Formatting /home/eric/Documents/ionic/ionic-firebase-authentication/src/app/shared/authentication-service.ts
["INFO" - 7:11:19 PM] Using ignore file (if present) at /home/eric/Documents/ionic/ionic-firebase-authentication/.prettierignore
["INFO" - 7:11:19 PM] Using bundled version of prettier.
["INFO" - 7:11:19 PM] File Info:
{
  "ignored": false,
  "inferredParser": "typescript"
}
["INFO" - 7:11:19 PM] No local configuration (i.e. .prettierrc or .editorconfig) detected, falling back to VS Code configuration
["INFO" - 7:11:19 PM] Prettier Options:
{
  "arrowParens": "always",
  "bracketSpacing": true,
  "endOfLine": "lf",
  "htmlWhitespaceSensitivity": "css",
  "insertPragma": false,
  "jsxBracketSameLine": false,
  "jsxSingleQuote": false,
  "printWidth": 80,
  "proseWrap": "preserve",
  "quoteProps": "as-needed",
  "requirePragma": false,
  "semi": true,
  "singleQuote": true,
  "tabWidth": 4,
  "trailingComma": "es5",
  "useTabs": true,
  "vueIndentScriptAndStyle": false,
  "filepath": "/home/eric/Documents/ionic/ionic-firebase-authentication/src/app/shared/authentication-service.ts",
  "parser": "typescript",
  "rangeEnd": 388,
  "rangeStart": 302
}
["INFO" - 7:11:19 PM] Formatting completed in 74.483287ms.
