[2020-12-12 17:32:04.949] [exthost] [info] extension host started
[2020-12-12 17:32:04.978] [exthost] [info] ExtensionService#_doActivateExtension vscode.debug-auto-launch {"startup":true,"extensionId":{"value":"vscode.debug-auto-launch","_lower":"vscode.debug-auto-launch"},"activationEvent":"*"}
[2020-12-12 17:32:04.978] [exthost] [info] ExtensionService#loadCommonJSModule file:///usr/share/vscodium-bin/resources/app/extensions/debug-auto-launch/dist/extension
[2020-12-12 17:32:04.982] [exthost] [info] ExtensionService#_doActivateExtension vscode.emmet {"startup":true,"extensionId":{"value":"vscode.emmet","_lower":"vscode.emmet"},"activationEvent":"*"}
[2020-12-12 17:32:04.982] [exthost] [info] ExtensionService#loadCommonJSModule file:///usr/share/vscodium-bin/resources/app/extensions/emmet/dist/node/emmetNodeMain
[2020-12-12 17:32:04.990] [exthost] [info] ExtensionService#_doActivateExtension vscode.git {"startup":true,"extensionId":{"value":"vscode.github","_lower":"vscode.github"},"activationEvent":"*"}
[2020-12-12 17:32:04.990] [exthost] [info] ExtensionService#loadCommonJSModule file:///usr/share/vscodium-bin/resources/app/extensions/git/dist/main
[2020-12-12 17:32:05.003] [exthost] [info] ExtensionService#_doActivateExtension vscode.merge-conflict {"startup":true,"extensionId":{"value":"vscode.merge-conflict","_lower":"vscode.merge-conflict"},"activationEvent":"*"}
[2020-12-12 17:32:05.004] [exthost] [info] ExtensionService#loadCommonJSModule file:///usr/share/vscodium-bin/resources/app/extensions/merge-conflict/dist/mergeConflictMain
[2020-12-12 17:32:05.005] [exthost] [info] ExtensionService#_doActivateExtension vscode.search-result {"startup":true,"extensionId":{"value":"vscode.search-result","_lower":"vscode.search-result"},"activationEvent":"*"}
[2020-12-12 17:32:05.005] [exthost] [info] ExtensionService#loadCommonJSModule file:///usr/share/vscodium-bin/resources/app/extensions/search-result/dist/extension.js
[2020-12-12 17:32:05.007] [exthost] [info] ExtensionService#_doActivateExtension PKief.material-icon-theme {"startup":true,"extensionId":{"value":"PKief.material-icon-theme","_lower":"pkief.material-icon-theme"},"activationEvent":"*"}
[2020-12-12 17:32:05.007] [exthost] [info] ExtensionService#loadCommonJSModule file:///home/eric/.vscode-oss/extensions/pkief.material-icon-theme-4.4.0/dist/extension
[2020-12-12 17:32:05.010] [exthost] [info] ExtensionService#_doActivateExtension vscodevim.vim {"startup":true,"extensionId":{"value":"vscodevim.vim","_lower":"vscodevim.vim"},"activationEvent":"*"}
[2020-12-12 17:32:05.010] [exthost] [info] ExtensionService#loadCommonJSModule file:///home/eric/.vscode-oss/extensions/vscodevim.vim-1.18.4/out/extension
[2020-12-12 17:32:05.031] [exthost] [info] ExtensionService#_doActivateExtension vscode.npm {"startup":true,"extensionId":{"value":"vscode.npm","_lower":"vscode.npm"},"activationEvent":"workspaceContains:package.json"}
[2020-12-12 17:32:05.031] [exthost] [info] ExtensionService#loadCommonJSModule file:///usr/share/vscodium-bin/resources/app/extensions/npm/dist/npmMain
[2020-12-12 17:32:05.216] [exthost] [info] ExtensionService#_doActivateExtension vscode.github {"startup":true,"extensionId":{"value":"vscode.github","_lower":"vscode.github"},"activationEvent":"*"}
[2020-12-12 17:32:05.216] [exthost] [info] ExtensionService#loadCommonJSModule file:///usr/share/vscodium-bin/resources/app/extensions/github/dist/extension.js
[2020-12-12 17:32:05.261] [exthost] [info] eager extensions activated
[2020-12-12 17:32:05.262] [exthost] [info] ExtensionService#_doActivateExtension ms-vscode.js-debug {"startup":false,"extensionId":{"value":"ms-vscode.js-debug","_lower":"ms-vscode.js-debug"},"activationEvent":"onCommand:extension.js-debug.clearAutoAttachVariables"}
[2020-12-12 17:32:05.262] [exthost] [info] ExtensionService#loadCommonJSModule file:///usr/share/vscodium-bin/resources/app/extensions/ms-vscode.js-debug/src/extension.js
[2020-12-12 17:32:05.308] [exthost] [info] ExtensionService#_doActivateExtension esbenp.prettier-vscode {"startup":false,"extensionId":{"value":"esbenp.prettier-vscode","_lower":"esbenp.prettier-vscode"},"activationEvent":"onStartupFinished"}
[2020-12-12 17:32:05.308] [exthost] [info] ExtensionService#loadCommonJSModule file:///home/eric/.vscode-oss/extensions/esbenp.prettier-vscode-5.8.0/dist/extension
[2020-12-12 17:32:10.655] [exthost] [info] extension host started
[2020-12-12 17:32:10.664] [exthost] [info] ExtensionService#_doActivateExtension vscode.debug-auto-launch {"startup":true,"extensionId":{"value":"vscode.debug-auto-launch","_lower":"vscode.debug-auto-launch"},"activationEvent":"*"}
[2020-12-12 17:32:10.664] [exthost] [info] ExtensionService#loadCommonJSModule file:///usr/share/vscodium-bin/resources/app/extensions/debug-auto-launch/dist/extension
[2020-12-12 17:32:10.665] [exthost] [info] ExtensionService#_doActivateExtension vscode.emmet {"startup":true,"extensionId":{"value":"vscode.emmet","_lower":"vscode.emmet"},"activationEvent":"*"}
[2020-12-12 17:32:10.666] [exthost] [info] ExtensionService#loadCommonJSModule file:///usr/share/vscodium-bin/resources/app/extensions/emmet/dist/node/emmetNodeMain
[2020-12-12 17:32:10.672] [exthost] [info] ExtensionService#_doActivateExtension vscode.git {"startup":true,"extensionId":{"value":"vscode.github","_lower":"vscode.github"},"activationEvent":"*"}
[2020-12-12 17:32:10.672] [exthost] [info] ExtensionService#loadCommonJSModule file:///usr/share/vscodium-bin/resources/app/extensions/git/dist/main
[2020-12-12 17:32:10.684] [exthost] [info] ExtensionService#_doActivateExtension vscode.merge-conflict {"startup":true,"extensionId":{"value":"vscode.merge-conflict","_lower":"vscode.merge-conflict"},"activationEvent":"*"}
[2020-12-12 17:32:10.684] [exthost] [info] ExtensionService#loadCommonJSModule file:///usr/share/vscodium-bin/resources/app/extensions/merge-conflict/dist/mergeConflictMain
[2020-12-12 17:32:10.685] [exthost] [info] ExtensionService#_doActivateExtension vscode.search-result {"startup":true,"extensionId":{"value":"vscode.search-result","_lower":"vscode.search-result"},"activationEvent":"*"}
[2020-12-12 17:32:10.685] [exthost] [info] ExtensionService#loadCommonJSModule file:///usr/share/vscodium-bin/resources/app/extensions/search-result/dist/extension.js
[2020-12-12 17:32:10.686] [exthost] [info] ExtensionService#_doActivateExtension PKief.material-icon-theme {"startup":true,"extensionId":{"value":"PKief.material-icon-theme","_lower":"pkief.material-icon-theme"},"activationEvent":"*"}
[2020-12-12 17:32:10.686] [exthost] [info] ExtensionService#loadCommonJSModule file:///home/eric/.vscode-oss/extensions/pkief.material-icon-theme-4.4.0/dist/extension
[2020-12-12 17:32:10.689] [exthost] [info] ExtensionService#_doActivateExtension vscodevim.vim {"startup":true,"extensionId":{"value":"vscodevim.vim","_lower":"vscodevim.vim"},"activationEvent":"*"}
[2020-12-12 17:32:10.689] [exthost] [info] ExtensionService#loadCommonJSModule file:///home/eric/.vscode-oss/extensions/vscodevim.vim-1.18.4/out/extension
[2020-12-12 17:32:10.708] [exthost] [info] ExtensionService#_doActivateExtension vscode.npm {"startup":true,"extensionId":{"value":"vscode.npm","_lower":"vscode.npm"},"activationEvent":"workspaceContains:package.json"}
[2020-12-12 17:32:10.708] [exthost] [info] ExtensionService#loadCommonJSModule file:///usr/share/vscodium-bin/resources/app/extensions/npm/dist/npmMain
[2020-12-12 17:32:10.847] [exthost] [info] ExtensionService#_doActivateExtension vscode.github {"startup":true,"extensionId":{"value":"vscode.github","_lower":"vscode.github"},"activationEvent":"*"}
[2020-12-12 17:32:10.847] [exthost] [info] ExtensionService#loadCommonJSModule file:///usr/share/vscodium-bin/resources/app/extensions/github/dist/extension.js
[2020-12-12 17:32:10.885] [exthost] [info] eager extensions activated
[2020-12-12 17:32:10.885] [exthost] [info] ExtensionService#_doActivateExtension ms-vscode.js-debug {"startup":false,"extensionId":{"value":"ms-vscode.js-debug","_lower":"ms-vscode.js-debug"},"activationEvent":"onCommand:extension.js-debug.clearAutoAttachVariables"}
[2020-12-12 17:32:10.885] [exthost] [info] ExtensionService#loadCommonJSModule file:///usr/share/vscodium-bin/resources/app/extensions/ms-vscode.js-debug/src/extension.js
[2020-12-12 17:32:10.927] [exthost] [info] ExtensionService#_doActivateExtension esbenp.prettier-vscode {"startup":false,"extensionId":{"value":"esbenp.prettier-vscode","_lower":"esbenp.prettier-vscode"},"activationEvent":"onStartupFinished"}
[2020-12-12 17:32:10.927] [exthost] [info] ExtensionService#loadCommonJSModule file:///home/eric/.vscode-oss/extensions/esbenp.prettier-vscode-5.8.0/dist/extension
[2020-12-12 17:32:21.781] [exthost] [info] ExtensionService#_doActivateExtension vscode.extension-editing {"startup":false,"extensionId":{"value":"vscode.extension-editing","_lower":"vscode.extension-editing"},"activationEvent":"onLanguage:typescript"}
[2020-12-12 17:32:21.782] [exthost] [info] ExtensionService#loadCommonJSModule file:///usr/share/vscodium-bin/resources/app/extensions/extension-editing/dist/extensionEditingMain
[2020-12-12 17:32:21.790] [exthost] [info] ExtensionService#_doActivateExtension vscode.typescript-language-features {"startup":false,"extensionId":{"value":"vscode.typescript-language-features","_lower":"vscode.typescript-language-features"},"activationEvent":"onLanguage:typescript"}
[2020-12-12 17:32:21.790] [exthost] [info] ExtensionService#loadCommonJSModule file:///usr/share/vscodium-bin/resources/app/extensions/typescript-language-features/dist/extension
[2020-12-12 17:32:24.807] [exthost] [info] ExtensionService#_doActivateExtension vscode.configuration-editing {"startup":false,"extensionId":{"value":"vscode.configuration-editing","_lower":"vscode.configuration-editing"},"activationEvent":"onLanguage:jsonc"}
[2020-12-12 17:32:24.807] [exthost] [info] ExtensionService#loadCommonJSModule file:///usr/share/vscodium-bin/resources/app/extensions/configuration-editing/dist/configurationEditingMain
[2020-12-12 17:32:24.810] [exthost] [info] ExtensionService#_doActivateExtension vscode.json-language-features {"startup":false,"extensionId":{"value":"vscode.json-language-features","_lower":"vscode.json-language-features"},"activationEvent":"onLanguage:jsonc"}
[2020-12-12 17:32:24.810] [exthost] [info] ExtensionService#loadCommonJSModule file:///usr/share/vscodium-bin/resources/app/extensions/json-language-features/client/dist/node/jsonClientMain
[2020-12-12 17:32:25.303] [exthost] [info] ExtensionService#_doActivateExtension vscode.html-language-features {"startup":false,"extensionId":{"value":"vscode.html-language-features","_lower":"vscode.html-language-features"},"activationEvent":"onLanguage:html"}
[2020-12-12 17:32:25.303] [exthost] [info] ExtensionService#loadCommonJSModule file:///usr/share/vscodium-bin/resources/app/extensions/html-language-features/client/dist/node/htmlClientMain
[2020-12-12 18:58:48.475] [exthost] [info] ExtensionService#_doActivateExtension vscode.css-language-features {"startup":false,"extensionId":{"value":"vscode.css-language-features","_lower":"vscode.css-language-features"},"activationEvent":"onLanguage:scss"}
[2020-12-12 18:58:48.476] [exthost] [info] ExtensionService#loadCommonJSModule file:///usr/share/vscodium-bin/resources/app/extensions/css-language-features/client/dist/node/cssClientMain
[2020-12-12 19:18:25.999] [exthost] [error] [vscode.typescript-language-features] provider FAILED
[2020-12-12 19:18:26.009] [exthost] [error] Error: <semantic> TypeScript Server Error (4.0.3)
Debug Failure. False expression: Some exportInfo should match the specified moduleSymbol
Error: Debug Failure. False expression: Some exportInfo should match the specified moduleSymbol
    at getImportFixForSymbol (/usr/share/vscodium-bin/resources/app/extensions/node_modules/typescript/lib/tsserver.js:132987:22)
    at Object.addImportFromExportedSymbol (/usr/share/vscodium-bin/resources/app/extensions/node_modules/typescript/lib/tsserver.js:132877:27)
    at /usr/share/vscodium-bin/resources/app/extensions/node_modules/typescript/lib/tsserver.js:135853:91
    at Object.forEach (/usr/share/vscodium-bin/resources/app/extensions/node_modules/typescript/lib/tsserver.js:188:30)
    at tryReplaceImportTypeNodeWithAutoImport (/usr/share/vscodium-bin/resources/app/extensions/node_modules/typescript/lib/tsserver.js:135853:20)
    at annotate (/usr/share/vscodium-bin/resources/app/extensions/node_modules/typescript/lib/tsserver.js:135845:27)
    at annotateParameters (/usr/share/vscodium-bin/resources/app/extensions/node_modules/typescript/lib/tsserver.js:135789:25)
    at doChange (/usr/share/vscodium-bin/resources/app/extensions/node_modules/typescript/lib/tsserver.js:135736:25)
    at /usr/share/vscodium-bin/resources/app/extensions/node_modules/typescript/lib/tsserver.js:135631:109
    at Function.ChangeTracker.with (/usr/share/vscodium-bin/resources/app/extensions/node_modules/typescript/lib/tsserver.js:129425:17)
    at Object.getCodeActions (/usr/share/vscodium-bin/resources/app/extensions/node_modules/typescript/lib/tsserver.js:135631:64)
    at /usr/share/vscodium-bin/resources/app/extensions/node_modules/typescript/lib/tsserver.js:130599:77
    at Object.flatMap (/usr/share/vscodium-bin/resources/app/extensions/node_modules/typescript/lib/tsserver.js:513:25)
    at Object.getFixes (/usr/share/vscodium-bin/resources/app/extensions/node_modules/typescript/lib/tsserver.js:130599:23)
    at /usr/share/vscodium-bin/resources/app/extensions/node_modules/typescript/lib/tsserver.js:143796:35
    at Object.flatMap (/usr/share/vscodium-bin/resources/app/extensions/node_modules/typescript/lib/tsserver.js:513:25)
    at Proxy.getCodeFixesAtPosition (/usr/share/vscodium-bin/resources/app/extensions/node_modules/typescript/lib/tsserver.js:143794:23)
    at IOSession.Session.getCodeFixes (/usr/share/vscodium-bin/resources/app/extensions/node_modules/typescript/lib/tsserver.js:154662:64)
    at Session.handlers.ts.Map.ts.getEntries._a.<computed> (/usr/share/vscodium-bin/resources/app/extensions/node_modules/typescript/lib/tsserver.js:153339:61)
    at /usr/share/vscodium-bin/resources/app/extensions/node_modules/typescript/lib/tsserver.js:154962:88
    at IOSession.Session.executeWithRequestId (/usr/share/vscodium-bin/resources/app/extensions/node_modules/typescript/lib/tsserver.js:154953:28)
    at IOSession.Session.executeCommand (/usr/share/vscodium-bin/resources/app/extensions/node_modules/typescript/lib/tsserver.js:154962:33)
    at IOSession.Session.onMessage (/usr/share/vscodium-bin/resources/app/extensions/node_modules/typescript/lib/tsserver.js:154986:35)
    at Interface.<anonymous> (/usr/share/vscodium-bin/resources/app/extensions/node_modules/typescript/lib/tsserver.js:157202:27)
    at Interface.emit (events.js:223:5)
    at Interface._onLine (readline.js:315:10)
    at Interface._normalWrite (readline.js:460:12)
    at Socket.ondata (readline.js:172:10)
    at Socket.emit (events.js:223:5)
    at addChunk (_stream_readable.js:309:12)
    at readableAddChunk (_stream_readable.js:290:11)
    at Socket.Readable.push (_stream_readable.js:224:10)
    at Pipe.onStreamRead (internal/stream_base_commons.js:181:23)
	at Function.create (/usr/share/vscodium-bin/resources/app/extensions/typescript-language-features/dist/extension.js:1:76476)
	at dispatchResponse (/usr/share/vscodium-bin/resources/app/extensions/typescript-language-features/dist/extension.js:1:70351)
	at dispatchMessage (/usr/share/vscodium-bin/resources/app/extensions/typescript-language-features/dist/extension.js:1:69210)
	at /usr/share/vscodium-bin/resources/app/extensions/typescript-language-features/dist/extension.js:1:68720
	at l.fire (/usr/share/vscodium-bin/resources/app/out/vs/workbench/services/extensions/node/extensionHostProcess.js:46:67)
	at g.onLengthData (/usr/share/vscodium-bin/resources/app/extensions/typescript-language-features/dist/extension.js:45:59997)
	at Socket.<anonymous> (/usr/share/vscodium-bin/resources/app/extensions/typescript-language-features/dist/extension.js:45:59645)
	at Socket.emit (events.js:223:5)
	at addChunk (_stream_readable.js:309:12)
	at readableAddChunk (_stream_readable.js:290:11)
	at Socket.Readable.push (_stream_readable.js:224:10)
	at Pipe.onStreamRead (internal/stream_base_commons.js:181:23)
