Looking for git in: git
Using git 2.29.2 from git
> git rev-parse --git-dir
Open repository: /home/eric/Documents/ionic/pacientes_PRO
> git status -z -u
> git symbolic-ref --short HEAD
> git rev-parse menu
> git rev-parse --symbolic-full-name menu@{u}
fatal: no upstream configured for branch 'menu'
> git for-each-ref --sort -committerdate --format %(refname) %(objectname)
> git remote --verbose
> git config --get commit.template
> git check-ignore -v -z --stdin
> git check-ignore -v -z --stdin
> git check-ignore -v -z --stdin
> git show --textconv :src/app/services/shared/authentication.service.ts
> git ls-files --stage -- /home/eric/Documents/ionic/pacientes_PRO/src/app/services/shared/authentication.service.ts
> git status -z -u
> git symbolic-ref --short HEAD
> git rev-parse menu
> git rev-parse --symbolic-full-name menu@{u}
fatal: no upstream configured for branch 'menu'
> git for-each-ref --sort -committerdate --format %(refname) %(objectname)
> git remote --verbose
> git config --get commit.template
> git status -z -u
> git symbolic-ref --short HEAD
> git rev-parse menu
> git rev-parse --symbolic-full-name menu@{u}
fatal: no upstream configured for branch 'menu'
> git for-each-ref --sort -committerdate --format %(refname) %(objectname)
> git remote --verbose
> git config --get commit.template
> git status -z -u
> git symbolic-ref --short HEAD
> git rev-parse menu
> git rev-parse --symbolic-full-name menu@{u}
fatal: no upstream configured for branch 'menu'
> git for-each-ref --sort -committerdate --format %(refname) %(objectname)
> git remote --verbose
> git config --get commit.template
> git status -z -u
> git symbolic-ref --short HEAD
> git rev-parse menu
> git rev-parse --symbolic-full-name menu@{u}
fatal: no upstream configured for branch 'menu'
> git for-each-ref --sort -committerdate --format %(refname) %(objectname)
> git remote --verbose
> git config --get commit.template
> git status -z -u
> git symbolic-ref --short HEAD
> git rev-parse menu
> git rev-parse --symbolic-full-name menu@{u}
fatal: no upstream configured for branch 'menu'
> git for-each-ref --sort -committerdate --format %(refname) %(objectname)
> git remote --verbose
> git config --get commit.template
> git status -z -u
> git symbolic-ref --short HEAD
> git rev-parse menu
> git rev-parse --symbolic-full-name menu@{u}
fatal: no upstream configured for branch 'menu'
> git for-each-ref --sort -committerdate --format %(refname) %(objectname)
> git remote --verbose
> git config --get commit.template
> git status -z -u
> git symbolic-ref --short HEAD
> git rev-parse menu
> git rev-parse --symbolic-full-name menu@{u}
fatal: no upstream configured for branch 'menu'
> git for-each-ref --sort -committerdate --format %(refname) %(objectname)
> git remote --verbose
> git config --get commit.template
